[2026-04-02 19:25:41] RDP launched → dev
[2026-04-02 19:27:01] RDP already active → dev
[2026-04-02 19:34:37] RDP already active → dev
[2026-04-02 19:34:55] RDP already active → dev
[2026-04-02 19:35:04] RDP already active → dev
[2026-04-02 19:35:04] RDP already active → dev
[2026-04-02 19:35:05] RDP already active → dev
[2026-04-02 19:35:05] RDP already active → dev
[2026-04-02 19:35:06] RDP already active → dev
[2026-04-02 19:35:06] RDP already active → dev
[2026-04-02 19:35:06] RDP already active → dev
[2026-04-02 19:35:07] RDP already active → dev
[2026-04-02 19:35:27] RDP already active → dev
[2026-04-02 19:35:29] RDP already active → dev
[2026-04-02 19:37:10] RDP already active → dev
[2026-04-02 19:37:12] RDP already active → dev
[2026-04-02 19:37:38] RDP launched → dev
[2026-04-02 19:37:39] already: 111
[2026-04-02 19:37:39] RDP launched → dev
[2026-04-02 19:37:40] RDP launched → dev
[2026-04-02 19:37:41] already: 111
[2026-04-02 19:37:41] RDP launched → dev
[2026-04-02 23:25:37] RDP launched → dev
[2026-04-03 12:11:35] RDP launched → dev
<<<<<<< HEAD
[2026-04-04 19:27:17] ERROR: RDP file not found: C:\Users\X1\OneDrive\文档\\Default.rdp
[2026-04-06 15:22:55] ERROR: RDP file not found: C:\Users\X1\OneDrive\文档\\Default.rdp
[2026-04-06 15:40:12] ERROR: RDP file not found: C:\Users\X1\OneDrive\文档\\Default.rdp
=======
[2026-04-03 14:23:57] RDP launched → dev
[2026-04-03 14:26:30] RDP launched → dev
[2026-04-03 15:50:53] RDP launched → dev
[2026-04-03 15:51:44] RDP launched → dev
>>>>>>> 404614f6144ee29386440ec13c95e6167455ea48
